# JRE version: Java(TM) SE Runtime Environment (21.0.6+8) (build 21.0.6+8-LTS-188)
# Java VM: Java HotSpot(TM) 64-Bit Server VM (21.0.6+8-LTS-188, mixed mode, sharing, tiered, compressed oops, compressed class ptrs, g1 gc, windows-amd64)
GC Precious Log:
 CardTable entry size: 512
 Card Set container configuration: InlinePtr #cards 4 size 8 Array Of Cards #cards 16 size 48 Howl #buckets 8 coarsen threshold 3686 Howl Bitmap #cards 512 size 80 coarsen threshold 460 Card regions per heap region 1 cards per card region 4096
 CPUs: 12 total, 12 available
 Memory: 32712M
 Large Page Support: Disabled
 NUMA Support: Disabled
 Compressed Oops: Enabled (Zero based)
 Heap Region Size: 2M
 Heap Min Capacity: 8M
 Heap Initial Capacity: 512M
 Heap Max Capacity: 3G
 Pre-touch: Disabled
 Parallel Workers: 10
 Concurrent Workers: 3
 Concurrent Refinement Workers: 10
 Periodic GC: Disabled
Heap:
 garbage-first heap   total 389120K, used 321536K [0x0000000740000000, 0x0000000800000000)
  region size 2048K, 16 young (32768K), 10 survivors (20480K)
 Metaspace       used 74715K, committed 76864K, reserved 1179648K
  class space    used 10473K, committed 11520K, reserved 1048576K
GC Heap History (20 events):
Event: 3.160 GC heap before
{Heap before GC invocations=10 (full 0):
 garbage-first heap   total 114688K, used 92526K [0x0000000740000000, 0x0000000800000000)
  region size 2048K, 32 young (65536K), 4 survivors (8192K)
 Metaspace       used 44759K, committed 46336K, reserved 1114112K
  class space    used 6402K, committed 7168K, reserved 1048576K
}
Event: 3.163 GC heap after
{Heap after GC invocations=11 (full 0):
 garbage-first heap   total 114688K, used 40287K [0x0000000740000000, 0x0000000800000000)
  region size 2048K, 3 young (6144K), 3 survivors (6144K)
 Metaspace       used 44759K, committed 46336K, reserved 1114112K
  class space    used 6402K, committed 7168K, reserved 1048576K
}
Event: 3.545 GC heap before
{Heap before GC invocations=11 (full 0):
 garbage-first heap   total 114688K, used 93535K [0x0000000740000000, 0x0000000800000000)
  region size 2048K, 30 young (61440K), 3 survivors (6144K)
 Metaspace       used 53130K, committed 54912K, reserved 1114112K
  class space    used 7438K, committed 8320K, reserved 1048576K
}
Event: 3.548 GC heap after
{Heap after GC invocations=12 (full 0):
 garbage-first heap   total 114688K, used 44604K [0x0000000740000000, 0x0000000800000000)
  region size 2048K, 3 young (6144K), 3 survivors (6144K)
 Metaspace       used 53130K, committed 54912K, reserved 1114112K
  class space    used 7438K, committed 8320K, reserved 1048576K
}
Event: 9.917 GC heap before
{Heap before GC invocations=12 (full 0):
 garbage-first heap   total 114688K, used 95804K [0x0000000740000000, 0x0000000800000000)
  region size 2048K, 28 young (57344K), 3 survivors (6144K)
 Metaspace       used 58361K, committed 60160K, reserved 1114112K
  class space    used 8018K, committed 8896K, reserved 1048576K
}
Event: 9.919 GC heap after
{Heap after GC invocations=13 (full 0):
 garbage-first heap   total 114688K, used 47761K [0x0000000740000000, 0x0000000800000000)
  region size 2048K, 4 young (8192K), 4 survivors (8192K)
 Metaspace       used 58361K, committed 60160K, reserved 1114112K
  class space    used 8018K, committed 8896K, reserved 1048576K
}
Event: 9.964 GC heap before
{Heap before GC invocations=13 (full 0):
 garbage-first heap   total 114688K, used 55953K [0x0000000740000000, 0x0000000800000000)
  region size 2048K, 9 young (18432K), 4 survivors (8192K)
 Metaspace       used 59107K, committed 60928K, reserved 1114112K
  class space    used 8165K, committed 9024K, reserved 1048576K
}
Event: 9.966 GC heap after
{Heap after GC invocations=14 (full 0):
 garbage-first heap   total 114688K, used 48408K [0x0000000740000000, 0x0000000800000000)
  region size 2048K, 2 young (4096K), 2 survivors (4096K)
 Metaspace       used 59107K, committed 60928K, reserved 1114112K
  class space    used 8165K, committed 9024K, reserved 1048576K
}
Event: 11.417 GC heap before
{Heap before GC invocations=15 (full 0):
 garbage-first heap   total 114688K, used 101656K [0x0000000740000000, 0x0000000800000000)
  region size 2048K, 28 young (57344K), 2 survivors (4096K)
 Metaspace       used 64040K, committed 65984K, reserved 1114112K
  class space    used 8906K, committed 9856K, reserved 1048576K
}
Event: 11.419 GC heap after
{Heap after GC invocations=16 (full 0):
 garbage-first heap   total 114688K, used 53703K [0x0000000740000000, 0x0000000800000000)
  region size 2048K, 4 young (8192K), 4 survivors (8192K)
 Metaspace       used 64040K, committed 65984K, reserved 1114112K
  class space    used 8906K, committed 9856K, reserved 1048576K
}
Event: 11.663 GC heap before
{Heap before GC invocations=16 (full 0):
 garbage-first heap   total 114688K, used 96711K [0x0000000740000000, 0x0000000800000000)
  region size 2048K, 25 young (51200K), 4 survivors (8192K)
 Metaspace       used 64985K, committed 67072K, reserved 1114112K
  class space    used 9044K, committed 10048K, reserved 1048576K
}
Event: 11.669 GC heap after
{Heap after GC invocations=17 (full 0):
 garbage-first heap   total 114688K, used 58738K [0x0000000740000000, 0x0000000800000000)
  region size 2048K, 4 young (8192K), 4 survivors (8192K)
 Metaspace       used 64985K, committed 67072K, reserved 1114112K
  class space    used 9044K, committed 10048K, reserved 1048576K
}
Event: 11.867 GC heap before
{Heap before GC invocations=17 (full 0):
 garbage-first heap   total 114688K, used 97650K [0x0000000740000000, 0x0000000800000000)
  region size 2048K, 23 young (47104K), 4 survivors (8192K)
 Metaspace       used 66335K, committed 68480K, reserved 1114112K
  class space    used 9276K, committed 10304K, reserved 1048576K
}
Event: 11.871 GC heap after
{Heap after GC invocations=18 (full 0):
 garbage-first heap   total 319488K, used 64172K [0x0000000740000000, 0x0000000800000000)
  region size 2048K, 3 young (6144K), 3 survivors (6144K)
 Metaspace       used 66335K, committed 68480K, reserved 1114112K
  class space    used 9276K, committed 10304K, reserved 1048576K
}
Event: 15.241 GC heap before
{Heap before GC invocations=18 (full 0):
 garbage-first heap   total 319488K, used 182956K [0x0000000740000000, 0x0000000800000000)
  region size 2048K, 30 young (61440K), 3 survivors (6144K)
 Metaspace       used 69603K, committed 71744K, reserved 1114112K
  class space    used 9636K, committed 10688K, reserved 1048576K
}
Event: 15.244 GC heap after
{Heap after GC invocations=19 (full 0):
 garbage-first heap   total 319488K, used 67245K [0x0000000740000000, 0x0000000800000000)
  region size 2048K, 4 young (8192K), 4 survivors (8192K)
 Metaspace       used 69603K, committed 71744K, reserved 1114112K
  class space    used 9636K, committed 10688K, reserved 1048576K
}
Event: 16.380 GC heap before
{Heap before GC invocations=19 (full 0):
 garbage-first heap   total 319488K, used 302765K [0x0000000740000000, 0x0000000800000000)
  region size 2048K, 93 young (190464K), 4 survivors (8192K)
 Metaspace       used 74320K, committed 76480K, reserved 1114112K
  class space    used 10460K, committed 11520K, reserved 1048576K
}
Event: 16.402 GC heap after
{Heap after GC invocations=20 (full 0):
 garbage-first heap   total 389120K, used 149298K [0x0000000740000000, 0x0000000800000000)
  region size 2048K, 12 young (24576K), 12 survivors (24576K)
 Metaspace       used 74320K, committed 76480K, reserved 1114112K
  class space    used 10460K, committed 11520K, reserved 1048576K
}
Event: 16.573 GC heap before
{Heap before GC invocations=20 (full 0):
 garbage-first heap   total 389120K, used 290610K [0x0000000740000000, 0x0000000800000000)
  region size 2048K, 59 young (120832K), 12 survivors (24576K)
 Metaspace       used 74550K, committed 76672K, reserved 1114112K
  class space    used 10472K, committed 11520K, reserved 1048576K
}
Event: 16.595 GC heap after
{Heap after GC invocations=21 (full 0):
 garbage-first heap   total 389120K, used 198656K [0x0000000740000000, 0x0000000800000000)
  region size 2048K, 10 young (20480K), 10 survivors (20480K)
 Metaspace       used 74550K, committed 76672K, reserved 1114112K
  class space    used 10472K, committed 11520K, reserved 1048576K
}

